c:\users\jordan\desktop\shadersproject\sgpu_hw3_interactiveparticlesimulation\objs\x64release\qrc_sgpu_interactiveparticlesimulation.obj
c:\users\jordan\desktop\shadersproject\sgpu_hw3_interactiveparticlesimulation\objs\x64release\sgpu_interactiveparticlesimulation.obj
c:\users\jordan\desktop\shadersproject\sgpu_hw3_interactiveparticlesimulation\objs\x64release\qviewport.obj
c:\users\jordan\desktop\shadersproject\sgpu_hw3_interactiveparticlesimulation\objs\x64release\main.obj
c:\users\jordan\desktop\shadersproject\sgpu_hw3_interactiveparticlesimulation\objs\x64release\moc_sgpu_interactiveparticlesimulation.obj
c:\users\jordan\desktop\shadersproject\sgpu_hw3_interactiveparticlesimulation\objs\x64release\moc_qviewport.obj
c:\users\jordan\desktop\shadersproject\sgpu_hw3_interactiveparticlesimulation\sgpu_interactiveparticlesimulation\generatedfiles\release\moc_sgpu_interactiveparticlesimulation.cpp
c:\users\jordan\desktop\shadersproject\sgpu_hw3_interactiveparticlesimulation\sgpu_interactiveparticlesimulation\generatedfiles\ui_sgpu_interactiveparticlesimulation.h
c:\users\jordan\desktop\shadersproject\sgpu_hw3_interactiveparticlesimulation\sgpu_interactiveparticlesimulation\generatedfiles\release\moc_qviewport.cpp
c:\users\jordan\desktop\shadersproject\sgpu_hw3_interactiveparticlesimulation\sgpu_interactiveparticlesimulation\generatedfiles\qrc_sgpu_interactiveparticlesimulation.cpp
c:\users\jordan\desktop\shadersproject\sgpu_hw3_interactiveparticlesimulation\bin\sgpu_interactiveparticlesimulation.exe
c:\users\jordan\desktop\shadersproject\sgpu_hw3_interactiveparticlesimulation\objs\x64release\environmentmap.obj
c:\users\jordan\desktop\shadersproject\sgpu_hw3_interactiveparticlesimulation\objs\x64release\geometryshader.obj
c:\users\jordan\desktop\shadersproject\sgpu_hw3_interactiveparticlesimulation\objs\x64release\grid.obj
c:\users\jordan\desktop\shadersproject\sgpu_hw3_interactiveparticlesimulation\objs\x64release\mesh.obj
c:\users\jordan\desktop\shadersproject\sgpu_hw3_interactiveparticlesimulation\objs\x64release\objmesh.obj
c:\users\jordan\desktop\shadersproject\sgpu_hw3_interactiveparticlesimulation\objs\x64release\particlesystem.obj
c:\users\jordan\desktop\shadersproject\sgpu_hw3_interactiveparticlesimulation\objs\x64release\png.obj
c:\users\jordan\desktop\shadersproject\sgpu_hw3_interactiveparticlesimulation\objs\x64release\shader.obj
c:\users\jordan\desktop\shadersproject\sgpu_hw3_interactiveparticlesimulation\objs\x64release\texture.obj
c:\users\jordan\desktop\shadersproject\sgpu_hw3_interactiveparticlesimulation\objs\x64release\vc120.pdb
c:\users\jordan\desktop\shadersproject\sgpu_hw3_interactiveparticlesimulation\objs\x64release\sgpu_int.b12702ad.tlog\cl.command.1.tlog
c:\users\jordan\desktop\shadersproject\sgpu_hw3_interactiveparticlesimulation\objs\x64release\sgpu_int.b12702ad.tlog\cl.read.1.tlog
c:\users\jordan\desktop\shadersproject\sgpu_hw3_interactiveparticlesimulation\objs\x64release\sgpu_int.b12702ad.tlog\cl.write.1.tlog
c:\users\jordan\desktop\shadersproject\sgpu_hw3_interactiveparticlesimulation\objs\x64release\sgpu_int.b12702ad.tlog\custombuild.command.1.tlog
c:\users\jordan\desktop\shadersproject\sgpu_hw3_interactiveparticlesimulation\objs\x64release\sgpu_int.b12702ad.tlog\custombuild.read.1.tlog
c:\users\jordan\desktop\shadersproject\sgpu_hw3_interactiveparticlesimulation\objs\x64release\sgpu_int.b12702ad.tlog\custombuild.write.1.tlog
c:\users\jordan\desktop\shadersproject\sgpu_hw3_interactiveparticlesimulation\objs\x64release\sgpu_int.b12702ad.tlog\link.command.1.tlog
c:\users\jordan\desktop\shadersproject\sgpu_hw3_interactiveparticlesimulation\objs\x64release\sgpu_int.b12702ad.tlog\link.read.1.tlog
c:\users\jordan\desktop\shadersproject\sgpu_hw3_interactiveparticlesimulation\objs\x64release\sgpu_int.b12702ad.tlog\link.write.1.tlog
